0 info it worked if it ends with ok
1 verbose cli [ '/usr/local/bin/node', '/usr/local/bin/npm', 'run', 'it' ]
2 info using npm@2.15.1
3 info using node@v4.4.4
4 verbose run-script [ 'preit', 'it', 'postit' ]
5 info preit map-it52@0.0.1
6 info it map-it52@0.0.1
7 verbose unsafe-perm in lifecycle true
8 info map-it52@0.0.1 Failed to exec it script
9 verbose stack Error: map-it52@0.0.1 it: `mocha --recursive --require ./test/setup.js --compilers .:test/compiler.js ./test/it/*.spec.js`
9 verbose stack Exit status 1
9 verbose stack     at EventEmitter.<anonymous> (/usr/local/lib/node_modules/npm/lib/utils/lifecycle.js:217:16)
9 verbose stack     at emitTwo (events.js:87:13)
9 verbose stack     at EventEmitter.emit (events.js:172:7)
9 verbose stack     at ChildProcess.<anonymous> (/usr/local/lib/node_modules/npm/lib/utils/spawn.js:24:14)
9 verbose stack     at emitTwo (events.js:87:13)
9 verbose stack     at ChildProcess.emit (events.js:172:7)
9 verbose stack     at maybeClose (internal/child_process.js:827:16)
9 verbose stack     at Process.ChildProcess._handle.onexit (internal/child_process.js:211:5)
10 verbose pkgid map-it52@0.0.1
11 verbose cwd /Users/ma/repo/map-it52
12 error Darwin 15.6.0
13 error argv "/usr/local/bin/node" "/usr/local/bin/npm" "run" "it"
14 error node v4.4.4
15 error npm  v2.15.1
16 error code ELIFECYCLE
17 error map-it52@0.0.1 it: `mocha --recursive --require ./test/setup.js --compilers .:test/compiler.js ./test/it/*.spec.js`
17 error Exit status 1
18 error Failed at the map-it52@0.0.1 it script 'mocha --recursive --require ./test/setup.js --compilers .:test/compiler.js ./test/it/*.spec.js'.
18 error This is most likely a problem with the map-it52 package,
18 error not with npm itself.
18 error Tell the author that this fails on your system:
18 error     mocha --recursive --require ./test/setup.js --compilers .:test/compiler.js ./test/it/*.spec.js
18 error You can get information on how to open an issue for this project with:
18 error     npm bugs map-it52
18 error Or if that isn't available, you can get their info via:
18 error
18 error     npm owner ls map-it52
18 error There is likely additional logging output above.
19 verbose exit [ 1, true ]
